<?xml version="1.0" encoding="UTF-8"?>
<!-- Generated by org.testng.reporters.JUnitXMLReporter -->
<testsuite ignored="0" hostname="DESKTOP-7APVUQ4" failures="1" tests="1" name="Test" time="6.498" errors="0" timestamp="2023-03-28T22:34:27 IST">
  <testcase classname="practice.Asserts_Practice1" name="igh" time="2.032">
    <failure type="java.lang.AssertionError" message="null">
      <![CDATA[java.lang.AssertionError: null
at practice.Asserts_Practice1.igh(Asserts_Practice1.java:29)
at java.base/java.util.ArrayList.forEach(ArrayList.java:1511)
... Removed 27 stack frames]]>
    </failure>
  </testcase> <!-- igh -->
</testsuite> <!-- Test -->
