<?xml version="1.0" encoding="UTF-8"?>
<!-- Generated by org.testng.reporters.JUnitXMLReporter -->
<testsuite ignored="0" hostname="DESKTOP-7APVUQ4" failures="0" tests="3" name="Default test" time="8.899" errors="0" timestamp="2023-05-15T17:10:45 IST">
  <testcase classname="apiTesting.CreateInUIValidateInAPI" name="createProjectInUI" time="6.765"/>
  <testcase classname="apiTesting.CreateInUIValidateInAPI" name="getTheCreatedProject" time="1.894"/>
  <testcase classname="apiTesting.CreateInUIValidateInAPI" name="deleteProject" time="0.189"/>
</testsuite> <!-- Default test -->
