<?xml version="1.0" encoding="UTF-8"?>
<!-- Generated by org.testng.reporters.JUnitXMLReporter -->
<testsuite ignored="5" hostname="DESKTOP-7APVUQ4" failures="0" tests="2" name="Test" time="13.354" errors="0" timestamp="2023-03-27T12:04:02 IST">
  <testcase classname="login_Module.Login_as_Assistant" name="login_as_Assistant" time="3.083"/>
  <testcase classname="login_Module.Login_as_Officer" name="login_as_Officer" time="2.312"/>
  <testcase classname="com.GenericUtility.BaseClass" name="@AfterSuite configAfterSuite" time="0.0">
    <ignored/>
  </testcase> <!-- @AfterSuite configAfterSuite -->
  <testcase classname="com.GenericUtility.BaseClass" name="@AfterSuite configAfterSuite" time="0.0">
    <ignored/>
  </testcase> <!-- @AfterSuite configAfterSuite -->
  <testcase classname="login_Module.Login_as_Head" name="login_as_Head" time="0.0">
    <ignored/>
  </testcase> <!-- login_as_Head -->
  <testcase classname="com.GenericUtility.BaseClass" name="@BeforeSuite configBeforeSuite" time="0.0">
    <ignored/>
  </testcase> <!-- @BeforeSuite configBeforeSuite -->
  <testcase classname="com.GenericUtility.BaseClass" name="@BeforeSuite configBeforeSuite" time="0.0">
    <ignored/>
  </testcase> <!-- @BeforeSuite configBeforeSuite -->
</testsuite> <!-- Test -->
