<?xml version="1.0" encoding="UTF-8"?>
<!-- Generated by org.testng.reporters.JUnitReportReporter -->
<testsuite hostname="DESKTOP-7APVUQ4" failures="0" tests="3" name="apiTesting.CreateProjectAndVarify" time="10.420" errors="0" timestamp="2023-05-15T15:20:19 IST" skipped="0">
  <testcase classname="apiTesting.CreateProjectAndVarify" name="createProject" time="2.582"/>
  <system-out/>
  <testcase classname="apiTesting.CreateProjectAndVarify" name="validateProject" time="0.035"/>
  <system-out/>
  <testcase classname="apiTesting.CreateProjectAndVarify" name="valiDateInUI" time="7.803"/>
  <system-out/>
</testsuite> <!-- apiTesting.CreateProjectAndVarify -->
