<?xml version="1.0" encoding="UTF-8"?>
<!-- Generated by org.testng.reporters.JUnitReportReporter -->
<testsuite hostname="DESKTOP-7APVUQ4" failures="0" tests="3" name="apiTesting.CreateInUIValidateInAPI" time="8.848" errors="0" timestamp="2023-05-15T17:10:45 IST" skipped="0">
  <testcase classname="apiTesting.CreateInUIValidateInAPI" name="createProjectInUI" time="6.765"/>
  <system-out/>
  <testcase classname="apiTesting.CreateInUIValidateInAPI" name="getTheCreatedProject" time="1.894"/>
  <system-out/>
  <testcase classname="apiTesting.CreateInUIValidateInAPI" name="deleteProject" time="0.189"/>
  <system-out/>
</testsuite> <!-- apiTesting.CreateInUIValidateInAPI -->
