<?xml version="1.0" encoding="UTF-8"?>
<!-- Generated by org.testng.reporters.JUnitXMLReporter -->
<testsuite ignored="4" hostname="DESKTOP-7APVUQ4" failures="0" tests="3" name="FirefoxBrowserTesting" time="67.913" errors="0" timestamp="2023-03-27T15:40:24 IST">
  <testcase classname="login_Module.Login_as_Assistant" name="login_as_Assistant" time="19.005"/>
  <testcase classname="login_Module.Login_as_Head" name="login_as_Head" time="2.062"/>
  <testcase classname="login_Module.Login_as_Officer" name="login_as_Officer" time="2.431"/>
  <testcase classname="com.GenericUtility.BaseClass" name="@AfterSuite configAfterSuite" time="0.0">
    <ignored/>
  </testcase> <!-- @AfterSuite configAfterSuite -->
  <testcase classname="com.GenericUtility.BaseClass" name="@BeforeSuite configBeforeSuite" time="0.0">
    <ignored/>
  </testcase> <!-- @BeforeSuite configBeforeSuite -->
  <testcase classname="com.GenericUtility.BaseClass" name="@AfterSuite configAfterSuite" time="0.0">
    <ignored/>
  </testcase> <!-- @AfterSuite configAfterSuite -->
  <testcase classname="com.GenericUtility.BaseClass" name="@BeforeSuite configBeforeSuite" time="0.0">
    <ignored/>
  </testcase> <!-- @BeforeSuite configBeforeSuite -->
</testsuite> <!-- FirefoxBrowserTesting -->
