<?xml version="1.0" encoding="UTF-8"?>
<!-- Generated by org.testng.reporters.JUnitXMLReporter -->
<testsuite ignored="4" hostname="DESKTOP-7APVUQ4" failures="0" tests="3" name="Test" time="38.799" errors="0" timestamp="2023-03-27T12:05:47 IST">
  <testcase classname="login_Module.Login_as_Assistant" name="login_as_Assistant" time="5.171"/>
  <testcase classname="login_Module.Login_as_Head" name="login_as_Head" time="3.0"/>
  <testcase classname="login_Module.Login_as_Officer" name="login_as_Officer" time="7.984"/>
  <testcase classname="com.GenericUtility.BaseClass" name="@BeforeSuite configBeforeSuite" time="0.0">
    <ignored/>
  </testcase> <!-- @BeforeSuite configBeforeSuite -->
  <testcase classname="com.GenericUtility.BaseClass" name="@AfterSuite configAfterSuite" time="0.0">
    <ignored/>
  </testcase> <!-- @AfterSuite configAfterSuite -->
  <testcase classname="com.GenericUtility.BaseClass" name="@BeforeSuite configBeforeSuite" time="0.0">
    <ignored/>
  </testcase> <!-- @BeforeSuite configBeforeSuite -->
  <testcase classname="com.GenericUtility.BaseClass" name="@AfterSuite configAfterSuite" time="0.0">
    <ignored/>
  </testcase> <!-- @AfterSuite configAfterSuite -->
</testsuite> <!-- Test -->
